<?xml version="1.0" encoding="UTF-8" ?>
<testsuite tests="7" failures="0" name="site.testStep.RunningTest" time="73.977" errors="0" skipped="0">
  <properties>
[...]
</properties>
  <testcase classname="java.lang.Object" name="BeforeStories" time="0.118"/>
  <testcase classname="site.testStep.TestStepFirst" name="Given the user open browser" time="50.834"/>
  <testcase classname="site.testStep.TestStepFirst" name="Then the user maximize the browser" time="0.603"/>
  <testcase classname="site.testStep.TestStepFirst" name="When the user click on login" time="6.328"/>
  <testcase classname="Scenario: To test first story" name="Scenario: To test first story" time="7.306"/>
  <testcase classname="verifyTest․story" name="verifyTest․story" time="8.785"/>
  <testcase classname="java.lang.Object" name="AfterStories" time="0.003"/>
</testsuite>