<?xml version="1.0" encoding="UTF-8"?>
<testsuite name="site.testStep.RunningTest" time="32.385" tests="14" errors="0" skipped="0" failures="0">
  <properties>
[...]
</properties>
  <testcase name="BeforeStories" classname="java.lang.Object" time="0.005"/>
  <testcase name="Given the user open browser" classname="site.testStep.TestStepFirst" time="12.032"/>
  <testcase name="Then the user maximize the browser" classname="site.testStep.TestStepFirst" time="2.018"/>
  <testcase name="When the user click on login" classname="site.testStep.TestStepFirst" time="2.573"/>
  <testcase name="Then the user should be navigate to login page" classname="site.testStep.TestStepFirst" time="0.55"/>
  <testcase name="When the user enter subscribe gobindaakhuli@gmail․com and &lt;&apos;password&apos;&gt;" classname="site.testStep.TestStepFirst" time="1.048"/>
  <testcase name="And click on submit button" classname="site.testStep.TestStepFirst" time="2.611"/>
  <testcase name="Then the user navigate to billing page" classname="site.testStep.TestStepFirst" time="3.14"/>
  <testcase name="When the user enter user information" classname="site.testStep.TestStepFirst" time="1.562"/>
  <testcase name="And the user click on cesurePurchase button" classname="site.testStep.TestStepFirst" time="2.464"/>
  <testcase name="Then the user should be on booking confirmation page" classname="site.testStep.TestStepFirst" time="0.479"/>
  <testcase name="Scenario: Flight booking process on http://newtours․demoaut․com/ for subscribe user" classname="Scenario: Flight booking process on http://newtours․demoaut․com/ for subscribe user" time="0.731"/>
  <testcase name="verifyTest․story" classname="verifyTest․story" time="0.735"/>
  <testcase name="AfterStories" classname="java.lang.Object" time="2.437"/>
</testsuite>